{"/app/src/validateCpf.ts": {"path":"/app/src/validateCpf.ts","statementMap":{"0":{"start":{"line":1,"column":0},"end":{"line":1,"column":16}},"1":{"start":{"line":2,"column":1},"end":{"line":56,"column":21}},"2":{"start":{"line":3,"column":2},"end":{"line":55,"column":22}},"3":{"start":{"line":4,"column":3},"end":{"line":54,"column":23}},"4":{"start":{"line":6,"column":4},"end":{"line":10,"column":23}},"5":{"start":{"line":12,"column":4},"end":{"line":53,"column":24}},"6":{"start":{"line":12,"column":36},"end":{"line":12,"column":48}},"7":{"start":{"line":13,"column":5},"end":{"line":52,"column":6}},"8":{"start":{"line":18,"column":6},"end":{"line":18,"column":18}},"9":{"start":{"line":19,"column":6},"end":{"line":19,"column":27}},"10":{"start":{"line":21,"column":6},"end":{"line":31,"column":7}},"11":{"start":{"line":21,"column":24},"end":{"line":21,"column":25}},"12":{"start":{"line":26,"column":7},"end":{"line":26,"column":60}},"13":{"start":{"line":27,"column":7},"end":{"line":27,"column":40}},"14":{"start":{"line":29,"column":7},"end":{"line":29,"column":40}},"15":{"start":{"line":33,"column":6},"end":{"line":33,"column":21}},"16":{"start":{"line":36,"column":6},"end":{"line":36,"column":45}},"17":{"start":{"line":37,"column":6},"end":{"line":37,"column":20}},"18":{"start":{"line":38,"column":6},"end":{"line":38,"column":21}},"19":{"start":{"line":39,"column":6},"end":{"line":40,"column":27}},"20":{"start":{"line":39,"column":20},"end":{"line":39,"column":28}},"21":{"start":{"line":40,"column":11},"end":{"line":40,"column":27}},"22":{"start":{"line":42,"column":24},"end":{"line":42,"column":65}},"23":{"start":{"line":43,"column":6},"end":{"line":43,"column":39}},"24":{"start":{"line":45,"column":6},"end":{"line":45,"column":39}},"25":{"start":{"line":49,"column":6},"end":{"line":49,"column":34}},"26":{"start":{"line":51,"column":6},"end":{"line":51,"column":19}},"27":{"start":{"line":53,"column":11},"end":{"line":53,"column":24}},"28":{"start":{"line":54,"column":10},"end":{"line":54,"column":23}},"29":{"start":{"line":55,"column":9},"end":{"line":55,"column":22}},"30":{"start":{"line":56,"column":8},"end":{"line":56,"column":21}}},"fnMap":{"0":{"name":"validateCpf","decl":{"start":{"line":1,"column":16},"end":{"line":1,"column":27}},"loc":{"start":{"line":1,"column":39},"end":{"line":57,"column":1}}},"1":{"name":"(anonymous_1)","decl":{"start":{"line":12,"column":29},"end":{"line":12,"column":30}},"loc":{"start":{"line":12,"column":36},"end":{"line":12,"column":48}}}},"branchMap":{"0":{"loc":{"start":{"line":2,"column":1},"end":{"line":56,"column":21}},"type":"if","locations":[{"start":{"line":2,"column":1},"end":{"line":56,"column":21}},{"start":{"line":56,"column":8},"end":{"line":56,"column":21}}]},"1":{"loc":{"start":{"line":3,"column":2},"end":{"line":55,"column":22}},"type":"if","locations":[{"start":{"line":3,"column":2},"end":{"line":55,"column":22}},{"start":{"line":55,"column":9},"end":{"line":55,"column":22}}]},"2":{"loc":{"start":{"line":4,"column":3},"end":{"line":54,"column":23}},"type":"if","locations":[{"start":{"line":4,"column":3},"end":{"line":54,"column":23}},{"start":{"line":54,"column":10},"end":{"line":54,"column":23}}]},"3":{"loc":{"start":{"line":4,"column":7},"end":{"line":4,"column":43}},"type":"binary-expr","locations":[{"start":{"line":4,"column":7},"end":{"line":4,"column":23}},{"start":{"line":4,"column":27},"end":{"line":4,"column":43}}]},"4":{"loc":{"start":{"line":12,"column":4},"end":{"line":53,"column":24}},"type":"if","locations":[{"start":{"line":12,"column":4},"end":{"line":53,"column":24}},{"start":{"line":53,"column":11},"end":{"line":53,"column":24}}]},"5":{"loc":{"start":{"line":36,"column":12},"end":{"line":36,"column":44}},"type":"cond-expr","locations":[{"start":{"line":36,"column":24},"end":{"line":36,"column":31}},{"start":{"line":36,"column":35},"end":{"line":36,"column":44}}]},"6":{"loc":{"start":{"line":39,"column":6},"end":{"line":40,"column":27}},"type":"if","locations":[{"start":{"line":39,"column":6},"end":{"line":40,"column":27}},{"start":{"line":40,"column":11},"end":{"line":40,"column":27}}]}},"s":{"0":1,"1":2,"2":2,"3":2,"4":2,"5":2,"6":4,"7":2,"8":2,"9":2,"10":2,"11":2,"12":18,"13":18,"14":18,"15":2,"16":2,"17":2,"18":2,"19":2,"20":1,"21":1,"22":2,"23":2,"24":2,"25":0,"26":0,"27":0,"28":0,"29":0,"30":0},"f":{"0":2,"1":4},"b":{"0":[2,0],"1":[2,0],"2":[2,0],"3":[2,2],"4":[2,0],"5":[0,2],"6":[1,1]}}
}
