TN:
SF:src/validateCpf.ts
FN:1,validateCpf
FN:12,(anonymous_1)
FNF:2
FNH:2
FNDA:2,validateCpf
FNDA:4,(anonymous_1)
DA:1,1
DA:2,2
DA:3,2
DA:4,2
DA:6,2
DA:12,4
DA:13,2
DA:18,2
DA:19,2
DA:21,2
DA:26,18
DA:27,18
DA:29,18
DA:33,2
DA:36,2
DA:37,2
DA:38,2
DA:39,2
DA:40,1
DA:42,2
DA:43,2
DA:45,2
DA:49,0
DA:51,0
DA:53,0
DA:54,0
DA:55,0
DA:56,0
LF:28
LH:22
BRDA:2,0,0,2
BRDA:2,0,1,0
BRDA:3,1,0,2
BRDA:3,1,1,0
BRDA:4,2,0,2
BRDA:4,2,1,0
BRDA:4,3,0,2
BRDA:4,3,1,2
BRDA:12,4,0,2
BRDA:12,4,1,0
BRDA:36,5,0,0
BRDA:36,5,1,2
BRDA:39,6,0,1
BRDA:39,6,1,1
BRF:14
BRH:9
end_of_record
