<?xml version="1.0" encoding="UTF-8"?>
<coverage generated="1768517205579" clover="3.2.0">
  <project timestamp="1768517205580" name="All files">
    <metrics statements="28" coveredstatements="22" conditionals="14" coveredconditionals="9" methods="2" coveredmethods="2" elements="44" coveredelements="33" complexity="0" loc="28" ncloc="28" packages="1" files="1" classes="1"/>
    <file name="validateCpf.ts" path="/app/src/validateCpf.ts">
      <metrics statements="28" coveredstatements="22" conditionals="14" coveredconditionals="9" methods="2" coveredmethods="2"/>
      <line num="1" count="1" type="stmt"/>
      <line num="2" count="2" type="cond" truecount="1" falsecount="1"/>
      <line num="3" count="2" type="cond" truecount="1" falsecount="1"/>
      <line num="4" count="2" type="cond" truecount="3" falsecount="1"/>
      <line num="6" count="2" type="stmt"/>
      <line num="12" count="4" type="cond" truecount="1" falsecount="1"/>
      <line num="13" count="2" type="stmt"/>
      <line num="18" count="2" type="stmt"/>
      <line num="19" count="2" type="stmt"/>
      <line num="21" count="2" type="stmt"/>
      <line num="26" count="18" type="stmt"/>
      <line num="27" count="18" type="stmt"/>
      <line num="29" count="18" type="stmt"/>
      <line num="33" count="2" type="stmt"/>
      <line num="36" count="2" type="cond" truecount="1" falsecount="1"/>
      <line num="37" count="2" type="stmt"/>
      <line num="38" count="2" type="stmt"/>
      <line num="39" count="2" type="cond" truecount="2" falsecount="0"/>
      <line num="40" count="1" type="stmt"/>
      <line num="42" count="2" type="stmt"/>
      <line num="43" count="2" type="stmt"/>
      <line num="45" count="2" type="stmt"/>
      <line num="49" count="0" type="stmt"/>
      <line num="51" count="0" type="stmt"/>
      <line num="53" count="0" type="stmt"/>
      <line num="54" count="0" type="stmt"/>
      <line num="55" count="0" type="stmt"/>
      <line num="56" count="0" type="stmt"/>
    </file>
  </project>
</coverage>
